make --dry-run --always-make --keep-going --print-directory
make: Entering directory `/Users/dwulfe/Mishelle-minishell'
mkdir -p ./objs/
echo objs/cmd_.o...
gcc -DQUOTES_ADD_REGIME="1" -DDEV_TOKENS=1 -Wall	-Wextra -Werror  -g -c srcs/cmd_.c -o objs/cmd_.o
echo objs/cmd_cd.o...
gcc -DQUOTES_ADD_REGIME="1" -DDEV_TOKENS=1 -Wall	-Wextra -Werror  -g -c srcs/cmd_cd.c -o objs/cmd_cd.o
echo objs/cmd_echo.o...
gcc -DQUOTES_ADD_REGIME="1" -DDEV_TOKENS=1 -Wall	-Wextra -Werror  -g -c srcs/cmd_echo.c -o objs/cmd_echo.o
echo objs/cmd_env.o...
gcc -DQUOTES_ADD_REGIME="1" -DDEV_TOKENS=1 -Wall	-Wextra -Werror  -g -c srcs/cmd_env.c -o objs/cmd_env.o
echo objs/cmd_exit.o...
gcc -DQUOTES_ADD_REGIME="1" -DDEV_TOKENS=1 -Wall	-Wextra -Werror  -g -c srcs/cmd_exit.c -o objs/cmd_exit.o
echo objs/cmd_export.o...
gcc -DQUOTES_ADD_REGIME="1" -DDEV_TOKENS=1 -Wall	-Wextra -Werror  -g -c srcs/cmd_export.c -o objs/cmd_export.o
echo objs/cmd_pwd.o...
gcc -DQUOTES_ADD_REGIME="1" -DDEV_TOKENS=1 -Wall	-Wextra -Werror  -g -c srcs/cmd_pwd.c -o objs/cmd_pwd.o
 
echo objs/cmd_unset.o...
gcc -DQUOTES_ADD_REGIME="1" -DDEV_TOKENS=1 -Wall	-Wextra -Werror  -g -c srcs/cmd_unset.c -o objs/cmd_unset.o
echo objs/conditions_quotes.o...
gcc -DQUOTES_ADD_REGIME="1" -DDEV_TOKENS=1 -Wall	-Wextra -Werror  -g -c srcs/conditions_quotes.c -o objs/conditions_quotes.o
echo objs/conditions_sets_specials.o...
gcc -DQUOTES_ADD_REGIME="1" -DDEV_TOKENS=1 -Wall	-Wextra -Werror  -g -c srcs/conditions_sets_specials.c -o objs/conditions_sets_specials.o
echo objs/conditions_specials.o...
gcc -DQUOTES_ADD_REGIME="1" -DDEV_TOKENS=1 -Wall	-Wextra -Werror  -g -c srcs/conditions_specials.c -o objs/conditions_specials.o
echo objs/config.o...
gcc -DQUOTES_ADD_REGIME="1" -DDEV_TOKENS=1 -Wall	-Wextra -Werror  -g -c srcs/config.c -o objs/config.o
echo objs/consitions_double_specials.o...
gcc -DQUOTES_ADD_REGIME="1" -DDEV_TOKENS=1 -Wall	-Wextra -Werror  -g -c srcs/consitions_double_specials.c -o objs/consitions_double_specials.o
echo objs/enviroment.o...
gcc -DQUOTES_ADD_REGIME="1" -DDEV_TOKENS=1 -Wall	-Wextra -Werror  -g -c srcs/enviroment.c -o objs/enviroment.o
echo objs/errors.o...
gcc -DQUOTES_ADD_REGIME="1" -DDEV_TOKENS=1 -Wall	-Wextra -Werror  -g -c srcs/errors.c -o objs/errors.o
echo objs/execution_preparings.o...
gcc -DQUOTES_ADD_REGIME="1" -DDEV_TOKENS=1 -Wall	-Wextra -Werror  -g -c srcs/execution_preparings.c -o objs/execution_preparings.o
echo objs/executor_path.o...
gcc -DQUOTES_ADD_REGIME="1" -DDEV_TOKENS=1 -Wall	-Wextra -Werror  -g -c srcs/executor_path.c -o objs/executor_path.o
echo objs/executor_pipex.o...
gcc -DQUOTES_ADD_REGIME="1" -DDEV_TOKENS=1 -Wall	-Wextra -Werror  -g -c srcs/executor_pipex.c -o objs/executor_pipex.o
echo objs/executor_redirects.o...
gcc -DQUOTES_ADD_REGIME="1" -DDEV_TOKENS=1 -Wall	-Wextra -Werror  -g -c srcs/executor_redirects.c -o objs/executor_redirects.o
echo objs/executor_validation.o...
gcc -DQUOTES_ADD_REGIME="1" -DDEV_TOKENS=1 -Wall	-Wextra -Werror  -g -c srcs/executor_validation.c -o objs/executor_validation.o
echo objs/input_main.o...
gcc -DQUOTES_ADD_REGIME="1" -DDEV_TOKENS=1 -Wall	-Wextra -Werror  -g -c srcs/input_main.c -o objs/input_main.o
echo objs/input_quotes.o...
gcc -DQUOTES_ADD_REGIME="1" -DDEV_TOKENS=1 -Wall	-Wextra -Werror  -g -c srcs/input_quotes.c -o objs/input_quotes.o
 
echo objs/input_readline.o...
gcc -DQUOTES_ADD_REGIME="1" -DDEV_TOKENS=1 -Wall	-Wextra -Werror  -g -c srcs/input_readline.c -o objs/input_readline.o
echo objs/list.o...
gcc -DQUOTES_ADD_REGIME="1" -DDEV_TOKENS=1 -Wall	-Wextra -Werror  -g -c srcs/list.c -o objs/list.o
echo objs/list_creation.o...
gcc -DQUOTES_ADD_REGIME="1" -DDEV_TOKENS=1 -Wall	-Wextra -Werror  -g -c srcs/list_creation.c -o objs/list_creation.o
echo objs/main.o...
gcc -DQUOTES_ADD_REGIME="1" -DDEV_TOKENS=1 -Wall	-Wextra -Werror  -g -c srcs/main.c -o objs/main.o
 
echo objs/parser_.o...
gcc -DQUOTES_ADD_REGIME="1" -DDEV_TOKENS=1 -Wall	-Wextra -Werror  -g -c srcs/parser_.c -o objs/parser_.o
echo objs/parser_redirects.o...
gcc -DQUOTES_ADD_REGIME="1" -DDEV_TOKENS=1 -Wall	-Wextra -Werror  -g -c srcs/parser_redirects.c -o objs/parser_redirects.o
echo objs/parser_redirects_recursion.o...
gcc -DQUOTES_ADD_REGIME="1" -DDEV_TOKENS=1 -Wall	-Wextra -Werror  -g -c srcs/parser_redirects_recursion.c -o objs/parser_redirects_recursion.o
echo objs/signals.o...
gcc -DQUOTES_ADD_REGIME="1" -DDEV_TOKENS=1 -Wall	-Wextra -Werror  -g -c srcs/signals.c -o objs/signals.o
echo objs/specials.o...
gcc -DQUOTES_ADD_REGIME="1" -DDEV_TOKENS=1 -Wall	-Wextra -Werror  -g -c srcs/specials.c -o objs/specials.o
echo objs/specials_side_effects.o...
gcc -DQUOTES_ADD_REGIME="1" -DDEV_TOKENS=1 -Wall	-Wextra -Werror  -g -c srcs/specials_side_effects.c -o objs/specials_side_effects.o
echo objs/token_heredoc.o...
gcc -DQUOTES_ADD_REGIME="1" -DDEV_TOKENS=1 -Wall	-Wextra -Werror  -g -c srcs/token_heredoc.c -o objs/token_heredoc.o
echo objs/token_tilda.o...
gcc -DQUOTES_ADD_REGIME="1" -DDEV_TOKENS=1 -Wall	-Wextra -Werror  -g -c srcs/token_tilda.c -o objs/token_tilda.o
echo objs/token_wildcards.o...
gcc -DQUOTES_ADD_REGIME="1" -DDEV_TOKENS=1 -Wall	-Wextra -Werror  -g -c srcs/token_wildcards.c -o objs/token_wildcards.o
echo objs/tokens_getters.o...
gcc -DQUOTES_ADD_REGIME="1" -DDEV_TOKENS=1 -Wall	-Wextra -Werror  -g -c srcs/tokens_getters.c -o objs/tokens_getters.o
echo objs/tokens_init.o...
gcc -DQUOTES_ADD_REGIME="1" -DDEV_TOKENS=1 -Wall	-Wextra -Werror  -g -c srcs/tokens_init.c -o objs/tokens_init.o
echo objs/tokens_value.o...
gcc -DQUOTES_ADD_REGIME="1" -DDEV_TOKENS=1 -Wall	-Wextra -Werror  -g -c srcs/tokens_value.c -o objs/tokens_value.o
echo objs/utiles_strings_2.o...
gcc -DQUOTES_ADD_REGIME="1" -DDEV_TOKENS=1 -Wall	-Wextra -Werror  -g -c srcs/utiles_strings_2.c -o objs/utiles_strings_2.o
echo objs/utils_dev.o...
gcc -DQUOTES_ADD_REGIME="1" -DDEV_TOKENS=1 -Wall	-Wextra -Werror  -g -c srcs/utils_dev.c -o objs/utils_dev.o
echo objs/utils_global.o...
 
gcc -DQUOTES_ADD_REGIME="1" -DDEV_TOKENS=1 -Wall	-Wextra -Werror  -g -c srcs/utils_global.c -o objs/utils_global.o
echo objs/utils_strings.o...
gcc -DQUOTES_ADD_REGIME="1" -DDEV_TOKENS=1 -Wall	-Wextra -Werror  -g -c srcs/utils_strings.c -o objs/utils_strings.o
echo objs/utils_strings_2.o...
gcc -DQUOTES_ADD_REGIME="1" -DDEV_TOKENS=1 -Wall	-Wextra -Werror  -g -c srcs/utils_strings_2.c -o objs/utils_strings_2.o
echo objs/validation.o...
gcc -DQUOTES_ADD_REGIME="1" -DDEV_TOKENS=1 -Wall	-Wextra -Werror  -g -c srcs/validation.c -o objs/validation.o
echo objs/validation_bonuses.o...
gcc -DQUOTES_ADD_REGIME="1" -DDEV_TOKENS=1 -Wall	-Wextra -Werror  -g -c srcs/validation_bonuses.c -o objs/validation_bonuses.o
if [ ! -d "lib" ]; then \
				mkdir -p lib && \
				cd readline-8.1 && ./configure --prefix=/Users/dwulfe/Mishelle-minishell/lib && make install; \
			fi
 
cd ./libft && make && make bonus
 
make[1]: Entering directory `/Users/dwulfe/Mishelle-minishell/libft'
gcc -Wall -Wextra -Werror  -I./ -c ft_atoi.c  -o ft_atoi.o
 
gcc -Wall -Wextra -Werror  -I./ -c ft_bzero.c  -o ft_bzero.o
gcc -Wall -Wextra -Werror  -I./ -c ft_calloc.c  -o ft_calloc.o
gcc -Wall -Wextra -Werror  -I./ -c ft_isalnum.c  -o ft_isalnum.o
gcc -Wall -Wextra -Werror  -I./ -c ft_isalpha.c  -o ft_isalpha.o
gcc -Wall -Wextra -Werror  -I./ -c ft_isascii.c  -o ft_isascii.o
gcc -Wall -Wextra -Werror  -I./ -c ft_isdigit.c  -o ft_isdigit.o
gcc -Wall -Wextra -Werror  -I./ -c ft_isprint.c  -o ft_isprint.o
gcc -Wall -Wextra -Werror  -I./ -c ft_itoa.c  -o ft_itoa.o
gcc -Wall -Wextra -Werror  -I./ -c ft_lstadd_back.c  -o ft_lstadd_back.o
 
gcc -Wall -Wextra -Werror  -I./ -c ft_lstadd_front.c  -o ft_lstadd_front.o
gcc -Wall -Wextra -Werror  -I./ -c ft_lstclear.c  -o ft_lstclear.o
gcc -Wall -Wextra -Werror  -I./ -c ft_lstdelone.c  -o ft_lstdelone.o
gcc -Wall -Wextra -Werror  -I./ -c ft_lstiter.c  -o ft_lstiter.o
gcc -Wall -Wextra -Werror  -I./ -c ft_lstlast.c  -o ft_lstlast.o
gcc -Wall -Wextra -Werror  -I./ -c ft_lstmap.c  -o ft_lstmap.o
gcc -Wall -Wextra -Werror  -I./ -c ft_lstnew.c  -o ft_lstnew.o
gcc -Wall -Wextra -Werror  -I./ -c ft_lstsize.c  -o ft_lstsize.o
gcc -Wall -Wextra -Werror  -I./ -c ft_max.c  -o ft_max.o
gcc -Wall -Wextra -Werror  -I./ -c ft_memccpy.c  -o ft_memccpy.o
gcc -Wall -Wextra -Werror  -I./ -c ft_memchr.c  -o ft_memchr.o
gcc -Wall -Wextra -Werror  -I./ -c ft_memcmp.c  -o ft_memcmp.o
gcc -Wall -Wextra -Werror  -I./ -c ft_memcpy.c  -o ft_memcpy.o
gcc -Wall -Wextra -Werror  -I./ -c ft_memmove.c  -o ft_memmove.o
gcc -Wall -Wextra -Werror  -I./ -c ft_memset.c  -o ft_memset.o
gcc -Wall -Wextra -Werror  -I./ -c ft_min.c  -o ft_min.o
gcc -Wall -Wextra -Werror  -I./ -c ft_putchar_fd.c  -o ft_putchar_fd.o
gcc -Wall -Wextra -Werror  -I./ -c ft_putendl_fd.c  -o ft_putendl_fd.o
gcc -Wall -Wextra -Werror  -I./ -c ft_putnbr_fd.c  -o ft_putnbr_fd.o
gcc -Wall -Wextra -Werror  -I./ -c ft_putstr_fd.c  -o ft_putstr_fd.o
gcc -Wall -Wextra -Werror  -I./ -c ft_sort_str_arr.c  -o ft_sort_str_arr.o
gcc -Wall -Wextra -Werror  -I./ -c ft_split.c  -o ft_split.o
gcc -Wall -Wextra -Werror  -I./ -c ft_split_se.c  -o ft_split_se.o
gcc -Wall -Wextra -Werror  -I./ -c ft_str_counter.c  -o ft_str_counter.o
gcc -Wall -Wextra -Werror  -I./ -c ft_str_isnum.c  -o ft_str_isnum.o
gcc -Wall -Wextra -Werror  -I./ -c ft_strchr.c  -o ft_strchr.o
gcc -Wall -Wextra -Werror  -I./ -c ft_strcpy.c  -o ft_strcpy.o
gcc -Wall -Wextra -Werror  -I./ -c ft_strdup.c  -o ft_strdup.o
gcc -Wall -Wextra -Werror  -I./ -c ft_strjoin.c  -o ft_strjoin.o
gcc -Wall -Wextra -Werror  -I./ -c ft_strjoin_se.c  -o ft_strjoin_se.o
gcc -Wall -Wextra -Werror  -I./ -c ft_strlcat.c  -o ft_strlcat.o
gcc -Wall -Wextra -Werror  -I./ -c ft_strlcpy.c  -o ft_strlcpy.o
gcc -Wall -Wextra -Werror  -I./ -c ft_strlen.c  -o ft_strlen.o
gcc -Wall -Wextra -Werror  -I./ -c ft_strmapi.c  -o ft_strmapi.o
gcc -Wall -Wextra -Werror  -I./ -c ft_strncat.c  -o ft_strncat.o
gcc -Wall -Wextra -Werror  -I./ -c ft_strncmp.c  -o ft_strncmp.o
gcc -Wall -Wextra -Werror  -I./ -c ft_strncpy.c  -o ft_strncpy.o
gcc -Wall -Wextra -Werror  -I./ -c ft_strnstr.c  -o ft_strnstr.o
gcc -Wall -Wextra -Werror  -I./ -c ft_strrchr.c  -o ft_strrchr.o
gcc -Wall -Wextra -Werror  -I./ -c ft_strtrim.c  -o ft_strtrim.o
gcc -Wall -Wextra -Werror  -I./ -c ft_substr.c  -o ft_substr.o
gcc -Wall -Wextra -Werror  -I./ -c ft_swap_int.c  -o ft_swap_int.o
gcc -Wall -Wextra -Werror  -I./ -c ft_swap_strs.c  -o ft_swap_strs.o
gcc -Wall -Wextra -Werror  -I./ -c ft_tolower.c  -o ft_tolower.o
gcc -Wall -Wextra -Werror  -I./ -c ft_toupper.c  -o ft_toupper.o
ar rc libft.a  ./ft_atoi.o ./ft_bzero.o ./ft_calloc.o ./ft_isalnum.o ./ft_isalpha.o ./ft_isascii.o ./ft_isdigit.o ./ft_isprint.o ./ft_itoa.o ./ft_lstadd_back.o ./ft_lstadd_front.o ./ft_lstclear.o ./ft_lstdelone.o ./ft_lstiter.o ./ft_lstlast.o ./ft_lstmap.o ./ft_lstnew.o ./ft_lstsize.o ./ft_max.o ./ft_memccpy.o ./ft_memchr.o ./ft_memcmp.o ./ft_memcpy.o ./ft_memmove.o ./ft_memset.o ./ft_min.o ./ft_putchar_fd.o ./ft_putendl_fd.o ./ft_putnbr_fd.o ./ft_putstr_fd.o ./ft_sort_str_arr.o ./ft_split.o ./ft_split_se.o ./ft_str_counter.o ./ft_str_isnum.o ./ft_strchr.o ./ft_strcpy.o ./ft_strdup.o ./ft_strjoin.o ./ft_strjoin_se.o ./ft_strlcat.o ./ft_strlcpy.o ./ft_strlen.o ./ft_strmapi.o ./ft_strncat.o ./ft_strncmp.o ./ft_strncpy.o ./ft_strnstr.o ./ft_strrchr.o ./ft_strtrim.o ./ft_substr.o ./ft_swap_int.o ./ft_swap_strs.o ./ft_tolower.o ./ft_toupper.o
ranlib libft.a 
make[1]: Leaving directory `/Users/dwulfe/Mishelle-minishell/libft'
 
make[1]: Entering directory `/Users/dwulfe/Mishelle-minishell/libft'
gcc -Wall -Wextra -Werror  -I./ -c ft_abs_bonus.c  -o ft_abs_bonus.o
gcc -Wall -Wextra -Werror  -I./ -c ft_arrdel_bonus.c  -o ft_arrdel_bonus.o
gcc -Wall -Wextra -Werror  -I./ -c ft_ch_count_bonus.c  -o ft_ch_count_bonus.o
gcc -Wall -Wextra -Werror  -I./ -c ft_decorate_bonus.c  -o ft_decorate_bonus.o
gcc -Wall -Wextra -Werror  -I./ -c ft_delptr_bonus.c  -o ft_delptr_bonus.o
gcc -Wall -Wextra -Werror  -I./ -c ft_index_of_bonus.c  -o ft_index_of_bonus.o
gcc -Wall -Wextra -Werror  -I./ -c ft_islower_bonus.c  -o ft_islower_bonus.o
gcc -Wall -Wextra -Werror  -I./ -c ft_isspace_bonus.c  -o ft_isspace_bonus.o
gcc -Wall -Wextra -Werror  -I./ -c ft_isupper_bonus.c  -o ft_isupper_bonus.o
gcc -Wall -Wextra -Werror  -I./ -c ft_realoc_bonus.c  -o ft_realoc_bonus.o
gcc -Wall -Wextra -Werror  -I./ -c ft_strcmp_bonus.c  -o ft_strcmp_bonus.o
gcc -Wall -Wextra -Werror  -I./ -c ft_strdel_bonus.c  -o ft_strdel_bonus.o
gcc -Wall -Wextra -Werror  -I./ -c ft_strdup_se_bonus.c  -o ft_strdup_se_bonus.o
gcc -Wall -Wextra -Werror  -I./ -c ft_strndup_bonus.c  -o ft_strndup_bonus.o
ar rc libft.a  ./ft_abs_bonus.o ./ft_arrdel_bonus.o ./ft_ch_count_bonus.o ./ft_decorate_bonus.o ./ft_delptr_bonus.o ./ft_index_of_bonus.o ./ft_islower_bonus.o ./ft_isspace_bonus.o ./ft_isupper_bonus.o ./ft_realoc_bonus.o ./ft_strcmp_bonus.o ./ft_strdel_bonus.o ./ft_strdup_se_bonus.o ./ft_strndup_bonus.o
ranlib libft.a 
make[1]: Leaving directory `/Users/dwulfe/Mishelle-minishell/libft'
gcc -Wall	-Wextra -Werror  -g  ./objs/cmd_.o ./objs/cmd_cd.o ./objs/cmd_echo.o ./objs/cmd_env.o ./objs/cmd_exit.o ./objs/cmd_export.o ./objs/cmd_pwd.o ./objs/cmd_unset.o ./objs/conditions_quotes.o ./objs/conditions_sets_specials.o ./objs/conditions_specials.o ./objs/config.o ./objs/consitions_double_specials.o ./objs/enviroment.o ./objs/errors.o ./objs/execution_preparings.o ./objs/executor_path.o ./objs/executor_pipex.o ./objs/executor_redirects.o ./objs/executor_validation.o ./objs/input_main.o ./objs/input_quotes.o ./objs/input_readline.o ./objs/list.o ./objs/list_creation.o ./objs/main.o ./objs/parser_.o ./objs/parser_redirects.o ./objs/parser_redirects_recursion.o ./objs/signals.o ./objs/specials.o ./objs/specials_side_effects.o ./objs/token_heredoc.o ./objs/token_tilda.o ./objs/token_wildcards.o ./objs/tokens_getters.o ./objs/tokens_init.o ./objs/tokens_value.o ./objs/utiles_strings_2.o ./objs/utils_dev.o ./objs/utils_global.o ./objs/utils_strings.o ./objs/utils_strings_2.o ./objs/validation.o ./objs/va 
lidation_bonuses.o -L/Users/dwulfe/Mishelle-minishell/lib/lib -lreadline  -I./libft -I/Users/dwulfe/Mishelle-minishell/includes/readline -L./libft -lft  -o minishell -fsanitize=address
make: Leaving directory `/Users/dwulfe/Mishelle-minishell'
 
